C51 COMPILER V9.60.7.0   NTC                                                               06/06/2025 17:25:14 PAGE 1   


C51 COMPILER V9.60.7.0, COMPILATION OF MODULE NTC
OBJECT MODULE PLACED IN ..\Output\ntc.obj
COMPILER INVOKED BY: D:\APP\Keil_v5\C51\BIN\C51.EXE ..\BSP\Src\ntc.c LARGE OPTIMIZE(8,SPEED) BROWSE INCDIR(..\BSP\Inc;..
                    -\Core\Inc;..\Driver;..\Emembed\Inc;..\SYSTEM\Inc) DEBUG OBJECTEXTEND PRINT(.\Listings\ntc.lst) OBJECT(..\Output\ntc.obj)

line level    source

   1          #include "ntc.h"
   2          #include "MATH.H"
   3          
   4          TEMP temp;
   5          
   6          /**
   7           * @brief 取10次adc_val均值对应的temp
   8           *
   9           * @param[in] channle_x ntc通道1~4
  10           * 
  11           * @return  temp :最终温度
  12           * 
  13          **/
  14          uint16_t get_temp( uint8_t channle_x )
  15          {
  16   1          uint8_t t;
  17   1          uint16_t adc_val = 0;
  18   1          uint16_t temp_val;
  19   1      
  20   1          /* 1, 取10次adc_val                           */
  21   1          for( t = 0; t < 10; t++ )
  22   1                      {
  23   2                              adc_val += Get_ADC_12bit(channle_x);
  24   2                  
  25   2                      }              
  26   1          adc_val = adc_val/10;
  27   1          if( adc_val >= 1156 )
  28   1          {
  29   2            temp_val = ((adc_val - 1156) * 100 )/ 623;
  30   2          }else
  31   1          {
  32   2            temp_val = 0;
  33   2          }
  34   1      
  35   1          return temp_val;
  36   1      }


MODULE INFORMATION:   STATIC OVERLAYABLE
   CODE SIZE        =    130    ----
   CONSTANT SIZE    =   ----    ----
   XDATA SIZE       =      7       6
   PDATA SIZE       =   ----    ----
   DATA SIZE        =   ----    ----
   IDATA SIZE       =   ----    ----
   BIT SIZE         =   ----    ----
END OF MODULE INFORMATION.


C51 COMPILATION COMPLETE.  0 WARNING(S),  0 ERROR(S)
